# JRE version: Java(TM) SE Runtime Environment (8.0_66-b18) (build 1.8.0_66-b18)
# Java VM: Java HotSpot(TM) 64-Bit Server VM (25.66-b18 mixed mode windows-amd64 compressed oops)
Heap:
 PSYoungGen      total 431104K, used 221490K [0x000000076b300000, 0x000000078df80000, 0x00000007c0000000)
  eden space 388608K, 46% used [0x000000076b300000,0x00000007761ce628,0x0000000782e80000)
  from space 42496K, 99% used [0x0000000782e80000,0x00000007857fe2d0,0x0000000785800000)
  to   space 49152K, 0% used [0x000000078af80000,0x000000078af80000,0x000000078df80000)
 ParOldGen       total 245248K, used 83693K [0x00000006c1800000, 0x00000006d0780000, 0x000000076b300000)
  object space 245248K, 34% used [0x00000006c1800000,0x00000006c69bb558,0x00000006d0780000)
 Metaspace       used 46807K, capacity 47149K, committed 47616K, reserved 1089536K
  class space    used 6733K, capacity 6840K, committed 6912K, reserved 1048576K
GC Heap History (10 events):
Event: 10.131 GC heap before
{Heap before GC invocations=14 (full 2):
 PSYoungGen      total 282624K, used 270849K [0x000000076b300000, 0x0000000782b00000, 0x00000007c0000000)
  eden space 239616K, 100% used [0x000000076b300000,0x0000000779d00000,0x0000000779d00000)
  from space 43008K, 72% used [0x0000000779d00000,0x000000077bb80510,0x000000077c700000)
  to   space 45568K, 0% used [0x000000077fe80000,0x000000077fe80000,0x0000000782b00000)
 ParOldGen       total 97280K, used 51160K [0x00000006c1800000, 0x00000006c7700000, 0x000000076b300000)
  object space 97280K, 52% used [0x00000006c1800000,0x00000006c49f6290,0x00000006c7700000)
 Metaspace       used 36516K, capacity 36770K, committed 36992K, reserved 1081344K
  class space    used 5401K, capacity 5486K, committed 5504K, reserved 1048576K
Event: 10.161 GC heap after
Heap after GC invocations=14 (full 2):
 PSYoungGen      total 338432K, used 29021K [0x000000076b300000, 0x0000000785480000, 0x00000007c0000000)
  eden space 292864K, 0% used [0x000000076b300000,0x000000076b300000,0x000000077d100000)
  from space 45568K, 63% used [0x000000077fe80000,0x0000000781ad7760,0x0000000782b00000)
  to   space 46592K, 0% used [0x000000077d100000,0x000000077d100000,0x000000077fe80000)
 ParOldGen       total 97280K, used 67724K [0x00000006c1800000, 0x00000006c7700000, 0x000000076b300000)
  object space 97280K, 69% used [0x00000006c1800000,0x00000006c5a23160,0x00000006c7700000)
 Metaspace       used 36516K, capacity 36770K, committed 36992K, reserved 1081344K
  class space    used 5401K, capacity 5486K, committed 5504K, reserved 1048576K
}
Event: 11.828 GC heap before
{Heap before GC invocations=15 (full 2):
 PSYoungGen      total 338432K, used 321885K [0x000000076b300000, 0x0000000785480000, 0x00000007c0000000)
  eden space 292864K, 100% used [0x000000076b300000,0x000000077d100000,0x000000077d100000)
  from space 45568K, 63% used [0x000000077fe80000,0x0000000781ad7760,0x0000000782b00000)
  to   space 46592K, 0% used [0x000000077d100000,0x000000077d100000,0x000000077fe80000)
 ParOldGen       total 97280K, used 67724K [0x00000006c1800000, 0x00000006c7700000, 0x000000076b300000)
  object space 97280K, 69% used [0x00000006c1800000,0x00000006c5a23160,0x00000006c7700000)
 Metaspace       used 41381K, capacity 41673K, committed 41984K, reserved 1085440K
  class space    used 6055K, capacity 6128K, committed 6144K, reserved 1048576K
Event: 11.863 GC heap after
Heap after GC invocations=15 (full 2):
 PSYoungGen      total 339456K, used 13519K [0x000000076b300000, 0x0000000789b00000, 0x00000007c0000000)
  eden space 292864K, 0% used [0x000000076b300000,0x000000076b300000,0x000000077d100000)
  from space 46592K, 29% used [0x000000077d100000,0x000000077de33fe0,0x000000077fe80000)
  to   space 45056K, 0% used [0x0000000786f00000,0x0000000786f00000,0x0000000789b00000)
 ParOldGen       total 97280K, used 94963K [0x00000006c1800000, 0x00000006c7700000, 0x000000076b300000)
  object space 97280K, 97% used [0x00000006c1800000,0x00000006c74bcf90,0x00000006c7700000)
 Metaspace       used 41381K, capacity 41673K, committed 41984K, reserved 1085440K
  class space    used 6055K, capacity 6128K, committed 6144K, reserved 1048576K
}
Event: 11.863 GC heap before
{Heap before GC invocations=16 (full 3):
 PSYoungGen      total 339456K, used 13519K [0x000000076b300000, 0x0000000789b00000, 0x00000007c0000000)
  eden space 292864K, 0% used [0x000000076b300000,0x000000076b300000,0x000000077d100000)
  from space 46592K, 29% used [0x000000077d100000,0x000000077de33fe0,0x000000077fe80000)
  to   space 45056K, 0% used [0x0000000786f00000,0x0000000786f00000,0x0000000789b00000)
 ParOldGen       total 97280K, used 94963K [0x00000006c1800000, 0x00000006c7700000, 0x000000076b300000)
  object space 97280K, 97% used [0x00000006c1800000,0x00000006c74bcf90,0x00000006c7700000)
 Metaspace       used 41381K, capacity 41673K, committed 41984K, reserved 1085440K
  class space    used 6055K, capacity 6128K, committed 6144K, reserved 1048576K
Event: 12.119 GC heap after
Heap after GC invocations=16 (full 3):
 PSYoungGen      total 339456K, used 0K [0x000000076b300000, 0x0000000789b00000, 0x00000007c0000000)
  eden space 292864K, 0% used [0x000000076b300000,0x000000076b300000,0x000000077d100000)
  from space 46592K, 0% used [0x000000077d100000,0x000000077d100000,0x000000077fe80000)
  to   space 45056K, 0% used [0x0000000786f00000,0x0000000786f00000,0x0000000789b00000)
 ParOldGen       total 245248K, used 83030K [0x00000006c1800000, 0x00000006d0780000, 0x000000076b300000)
  object space 245248K, 33% used [0x00000006c1800000,0x00000006c6915bf8,0x00000006d0780000)
 Metaspace       used 41381K, capacity 41673K, committed 41984K, reserved 1085440K
  class space    used 6055K, capacity 6128K, committed 6144K, reserved 1048576K
}
Event: 13.909 GC heap before
{Heap before GC invocations=17 (full 3):
 PSYoungGen      total 339456K, used 292864K [0x000000076b300000, 0x0000000789b00000, 0x00000007c0000000)
  eden space 292864K, 100% used [0x000000076b300000,0x000000077d100000,0x000000077d100000)
  from space 46592K, 0% used [0x000000077d100000,0x000000077d100000,0x000000077fe80000)
  to   space 45056K, 0% used [0x0000000786f00000,0x0000000786f00000,0x0000000789b00000)
 ParOldGen       total 245248K, used 83030K [0x00000006c1800000, 0x00000006d0780000, 0x000000076b300000)
  object space 245248K, 33% used [0x00000006c1800000,0x00000006c6915bf8,0x00000006d0780000)
 Metaspace       used 43454K, capacity 43817K, committed 44160K, reserved 1087488K
  class space    used 6306K, capacity 6416K, committed 6528K, reserved 1048576K
Event: 13.920 GC heap after
Heap after GC invocations=17 (full 3):
 PSYoungGen      total 391168K, used 18753K [0x000000076b300000, 0x0000000788180000, 0x00000007c0000000)
  eden space 372224K, 0% used [0x000000076b300000,0x000000076b300000,0x0000000781e80000)
  from space 18944K, 98% used [0x0000000786f00000,0x00000007881505f0,0x0000000788180000)
  to   space 42496K, 0% used [0x0000000782e80000,0x0000000782e80000,0x0000000785800000)
 ParOldGen       total 245248K, used 83038K [0x00000006c1800000, 0x00000006d0780000, 0x000000076b300000)
  object space 245248K, 33% used [0x00000006c1800000,0x00000006c6917bf8,0x00000006d0780000)
 Metaspace       used 43454K, capacity 43817K, committed 44160K, reserved 1087488K
  class space    used 6306K, capacity 6416K, committed 6528K, reserved 1048576K
}
Event: 16.111 GC heap before
{Heap before GC invocations=18 (full 3):
 PSYoungGen      total 391168K, used 390977K [0x000000076b300000, 0x0000000788180000, 0x00000007c0000000)
  eden space 372224K, 100% used [0x000000076b300000,0x0000000781e80000,0x0000000781e80000)
  from space 18944K, 98% used [0x0000000786f00000,0x00000007881505f0,0x0000000788180000)
  to   space 42496K, 0% used [0x0000000782e80000,0x0000000782e80000,0x0000000785800000)
 ParOldGen       total 245248K, used 83038K [0x00000006c1800000, 0x00000006d0780000, 0x000000076b300000)
  object space 245248K, 33% used [0x00000006c1800000,0x00000006c6917bf8,0x00000006d0780000)
 Metaspace       used 45046K, capacity 45359K, committed 45824K, reserved 1089536K
  class space    used 6508K, capacity 6609K, committed 6656K, reserved 1048576K
Event: 16.143 GC heap after
Heap after GC invocations=18 (full 3):
 PSYoungGen      total 431104K, used 42488K [0x000000076b300000, 0x000000078df80000, 0x00000007c0000000)
  eden space 388608K, 0% used [0x000000076b300000,0x000000076b300000,0x0000000782e80000)
  from space 42496K, 99% used [0x0000000782e80000,0x00000007857fe2d0,0x0000000785800000)
  to   space 49152K, 0% used [0x000000078af80000,0x000000078af80000,0x000000078df80000)
 ParOldGen       total 245248K, used 83693K [0x00000006c1800000, 0x00000006d0780000, 0x000000076b300000)
  object space 245248K, 34% used [0x00000006c1800000,0x00000006c69bb558,0x00000006d0780000)
 Metaspace       used 45046K, capacity 45359K, committed 45824K, reserved 1089536K
  class space    used 6508K, capacity 6609K, committed 6656K, reserved 1048576K
}

